{"C:\\Users\\ryupo\\Documents\\Projects\\Blogna\\server\\src\\app.ts": {"path":"C:\\Users\\ryupo\\Documents\\Projects\\Blogna\\server\\src\\app.ts","statementMap":{"0":{"start":{"line":1,"column":0},"end":{"line":1,"column":53}},"1":{"start":{"line":2,"column":0},"end":{"line":2,"column":37}},"2":{"start":{"line":3,"column":0},"end":{"line":3,"column":41}},"3":{"start":{"line":4,"column":0},"end":{"line":4,"column":24}},"4":{"start":{"line":5,"column":0},"end":{"line":5,"column":39}},"5":{"start":{"line":6,"column":0},"end":{"line":6,"column":49}},"6":{"start":{"line":7,"column":0},"end":{"line":7,"column":52}},"7":{"start":{"line":8,"column":0},"end":{"line":8,"column":52}},"8":{"start":{"line":10,"column":12},"end":{"line":10,"column":21}},"9":{"start":{"line":12,"column":20},"end":{"line":15,"column":2}},"10":{"start":{"line":17,"column":0},"end":{"line":17,"column":27}},"11":{"start":{"line":18,"column":0},"end":{"line":18,"column":52}},"12":{"start":{"line":19,"column":0},"end":{"line":19,"column":27}},"13":{"start":{"line":20,"column":0},"end":{"line":20,"column":24}},"14":{"start":{"line":22,"column":0},"end":{"line":24,"column":3}},"15":{"start":{"line":23,"column":2},"end":{"line":23,"column":39}},"16":{"start":{"line":26,"column":0},"end":{"line":26,"column":35}},"17":{"start":{"line":27,"column":0},"end":{"line":27,"column":35}},"18":{"start":{"line":29,"column":0},"end":{"line":29,"column":22}},"19":{"start":{"line":31,"column":0},"end":{"line":31,"column":19}}},"fnMap":{"0":{"name":"(anonymous_1)","decl":{"start":{"line":22,"column":13},"end":{"line":22,"column":14}},"loc":{"start":{"line":22,"column":45},"end":{"line":24,"column":1}}}},"branchMap":{},"s":{"0":3,"1":3,"2":3,"3":3,"4":3,"5":3,"6":3,"7":3,"8":3,"9":3,"10":3,"11":3,"12":3,"13":3,"14":3,"15":1,"16":3,"17":3,"18":3,"19":3},"f":{"0":1},"b":{}}
,"C:\\Users\\ryupo\\Documents\\Projects\\Blogna\\server\\src\\api\\controllers\\blogs.controller.ts": {"path":"C:\\Users\\ryupo\\Documents\\Projects\\Blogna\\server\\src\\api\\controllers\\blogs.controller.ts","statementMap":{"0":{"start":{"line":2,"column":0},"end":{"line":2,"column":52}},"1":{"start":{"line":3,"column":0},"end":{"line":3,"column":45}},"2":{"start":{"line":4,"column":0},"end":{"line":4,"column":49}},"3":{"start":{"line":5,"column":0},"end":{"line":5,"column":52}},"4":{"start":{"line":6,"column":0},"end":{"line":6,"column":44}},"5":{"start":{"line":7,"column":0},"end":{"line":7,"column":39}},"6":{"start":{"line":9,"column":27},"end":{"line":14,"column":2}},"7":{"start":{"line":9,"column":65},"end":{"line":14,"column":2}},"8":{"start":{"line":10,"column":2},"end":{"line":10,"column":38}},"9":{"start":{"line":11,"column":16},"end":{"line":11,"column":42}},"10":{"start":{"line":12,"column":2},"end":{"line":12,"column":44}},"11":{"start":{"line":13,"column":2},"end":{"line":13,"column":40}},"12":{"start":{"line":9,"column":13},"end":{"line":9,"column":27}},"13":{"start":{"line":16,"column":26},"end":{"line":37,"column":2}},"14":{"start":{"line":16,"column":84},"end":{"line":37,"column":2}},"15":{"start":{"line":17,"column":2},"end":{"line":36,"column":3}},"16":{"start":{"line":18,"column":44},"end":{"line":18,"column":52}},"17":{"start":{"line":19,"column":4},"end":{"line":19,"column":50}},"18":{"start":{"line":20,"column":4},"end":{"line":22,"column":5}},"19":{"start":{"line":21,"column":6},"end":{"line":21,"column":75}},"20":{"start":{"line":23,"column":22},"end":{"line":23,"column":35}},"21":{"start":{"line":24,"column":26},"end":{"line":24,"column":51}},"22":{"start":{"line":25,"column":30},"end":{"line":25,"column":48}},"23":{"start":{"line":26,"column":17},"end":{"line":26,"column":57}},"24":{"start":{"line":28,"column":28},"end":{"line":28,"column":32}},"25":{"start":{"line":29,"column":21},"end":{"line":29,"column":72}},"26":{"start":{"line":30,"column":4},"end":{"line":30,"column":43}},"27":{"start":{"line":31,"column":20},"end":{"line":31,"column":54}},"28":{"start":{"line":32,"column":4},"end":{"line":32,"column":63}},"29":{"start":{"line":33,"column":4},"end":{"line":33,"column":34}},"30":{"start":{"line":35,"column":4},"end":{"line":35,"column":16}},"31":{"start":{"line":16,"column":13},"end":{"line":16,"column":26}},"32":{"start":{"line":39,"column":26},"end":{"line":61,"column":2}},"33":{"start":{"line":39,"column":84},"end":{"line":61,"column":2}},"34":{"start":{"line":40,"column":2},"end":{"line":60,"column":3}},"35":{"start":{"line":41,"column":19},"end":{"line":41,"column":32}},"36":{"start":{"line":42,"column":44},"end":{"line":42,"column":52}},"37":{"start":{"line":43,"column":4},"end":{"line":43,"column":50}},"38":{"start":{"line":44,"column":4},"end":{"line":46,"column":5}},"39":{"start":{"line":45,"column":6},"end":{"line":45,"column":73}},"40":{"start":{"line":47,"column":22},"end":{"line":47,"column":35}},"41":{"start":{"line":48,"column":26},"end":{"line":48,"column":51}},"42":{"start":{"line":49,"column":30},"end":{"line":49,"column":48}},"43":{"start":{"line":50,"column":17},"end":{"line":50,"column":57}},"44":{"start":{"line":52,"column":28},"end":{"line":52,"column":32}},"45":{"start":{"line":53,"column":21},"end":{"line":53,"column":72}},"46":{"start":{"line":54,"column":4},"end":{"line":54,"column":48}},"47":{"start":{"line":55,"column":24},"end":{"line":55,"column":66}},"48":{"start":{"line":56,"column":4},"end":{"line":56,"column":67}},"49":{"start":{"line":57,"column":4},"end":{"line":57,"column":66}},"50":{"start":{"line":59,"column":4},"end":{"line":59,"column":16}},"51":{"start":{"line":39,"column":13},"end":{"line":39,"column":26}},"52":{"start":{"line":63,"column":26},"end":{"line":77,"column":2}},"53":{"start":{"line":63,"column":84},"end":{"line":77,"column":2}},"54":{"start":{"line":64,"column":2},"end":{"line":76,"column":3}},"55":{"start":{"line":65,"column":4},"end":{"line":65,"column":40}},"56":{"start":{"line":66,"column":26},"end":{"line":66,"column":51}},"57":{"start":{"line":67,"column":30},"end":{"line":67,"column":48}},"58":{"start":{"line":68,"column":17},"end":{"line":68,"column":57}},"59":{"start":{"line":69,"column":27},"end":{"line":69,"column":31}},"60":{"start":{"line":70,"column":19},"end":{"line":70,"column":32}},"61":{"start":{"line":71,"column":4},"end":{"line":71,"column":45}},"62":{"start":{"line":72,"column":4},"end":{"line":72,"column":39}},"63":{"start":{"line":73,"column":4},"end":{"line":73,"column":34}},"64":{"start":{"line":75,"column":4},"end":{"line":75,"column":16}},"65":{"start":{"line":63,"column":13},"end":{"line":63,"column":26}},"66":{"start":{"line":79,"column":27},"end":{"line":89,"column":2}},"67":{"start":{"line":79,"column":85},"end":{"line":89,"column":2}},"68":{"start":{"line":81,"column":2},"end":{"line":88,"column":3}},"69":{"start":{"line":82,"column":19},"end":{"line":82,"column":32}},"70":{"start":{"line":83,"column":17},"end":{"line":83,"column":50}},"71":{"start":{"line":84,"column":4},"end":{"line":84,"column":51}},"72":{"start":{"line":85,"column":4},"end":{"line":85,"column":38}},"73":{"start":{"line":87,"column":4},"end":{"line":87,"column":16}},"74":{"start":{"line":79,"column":13},"end":{"line":79,"column":27}}},"fnMap":{"0":{"name":"(anonymous_8)","decl":{"start":{"line":9,"column":27},"end":{"line":9,"column":34}},"loc":{"start":{"line":9,"column":65},"end":{"line":14,"column":2}}},"1":{"name":"(anonymous_9)","decl":{"start":{"line":9,"column":65},"end":{"line":9,"column":null}},"loc":{"start":{"line":9,"column":65},"end":{"line":14,"column":1}}},"2":{"name":"(anonymous_10)","decl":{"start":{"line":16,"column":26},"end":{"line":16,"column":33}},"loc":{"start":{"line":16,"column":84},"end":{"line":37,"column":2}}},"3":{"name":"(anonymous_11)","decl":{"start":{"line":16,"column":84},"end":{"line":16,"column":null}},"loc":{"start":{"line":16,"column":84},"end":{"line":37,"column":1}}},"4":{"name":"(anonymous_12)","decl":{"start":{"line":39,"column":26},"end":{"line":39,"column":33}},"loc":{"start":{"line":39,"column":84},"end":{"line":61,"column":2}}},"5":{"name":"(anonymous_13)","decl":{"start":{"line":39,"column":84},"end":{"line":39,"column":null}},"loc":{"start":{"line":39,"column":84},"end":{"line":61,"column":1}}},"6":{"name":"(anonymous_14)","decl":{"start":{"line":63,"column":26},"end":{"line":63,"column":33}},"loc":{"start":{"line":63,"column":84},"end":{"line":77,"column":2}}},"7":{"name":"(anonymous_15)","decl":{"start":{"line":63,"column":84},"end":{"line":63,"column":null}},"loc":{"start":{"line":63,"column":84},"end":{"line":77,"column":1}}},"8":{"name":"(anonymous_16)","decl":{"start":{"line":79,"column":27},"end":{"line":79,"column":34}},"loc":{"start":{"line":79,"column":85},"end":{"line":89,"column":2}}},"9":{"name":"(anonymous_17)","decl":{"start":{"line":79,"column":85},"end":{"line":79,"column":null}},"loc":{"start":{"line":79,"column":85},"end":{"line":89,"column":1}}}},"branchMap":{"0":{"loc":{"start":{"line":20,"column":4},"end":{"line":22,"column":5}},"type":"if","locations":[{"start":{"line":20,"column":4},"end":{"line":22,"column":5}}]},"1":{"loc":{"start":{"line":44,"column":4},"end":{"line":46,"column":5}},"type":"if","locations":[{"start":{"line":44,"column":4},"end":{"line":46,"column":5}}]}},"s":{"0":3,"1":3,"2":3,"3":3,"4":3,"5":3,"6":3,"7":1,"8":1,"9":1,"10":1,"11":1,"12":3,"13":3,"14":2,"15":2,"16":2,"17":2,"18":2,"19":1,"20":1,"21":1,"22":1,"23":1,"24":1,"25":1,"26":1,"27":1,"28":1,"29":1,"30":1,"31":3,"32":3,"33":2,"34":2,"35":2,"36":2,"37":2,"38":2,"39":1,"40":1,"41":1,"42":1,"43":1,"44":1,"45":1,"46":1,"47":1,"48":1,"49":1,"50":1,"51":3,"52":3,"53":2,"54":2,"55":2,"56":2,"57":2,"58":2,"59":2,"60":2,"61":2,"62":1,"63":1,"64":1,"65":3,"66":3,"67":2,"68":2,"69":2,"70":2,"71":1,"72":1,"73":1,"74":3},"f":{"0":1,"1":1,"2":2,"3":2,"4":2,"5":2,"6":2,"7":2,"8":2,"9":2},"b":{"0":[1],"1":[1]}}
,"C:\\Users\\ryupo\\Documents\\Projects\\Blogna\\server\\src\\api\\controllers\\users.controller.ts": {"path":"C:\\Users\\ryupo\\Documents\\Projects\\Blogna\\server\\src\\api\\controllers\\users.controller.ts","statementMap":{"0":{"start":{"line":2,"column":0},"end":{"line":2,"column":52}},"1":{"start":{"line":3,"column":0},"end":{"line":3,"column":44}},"2":{"start":{"line":4,"column":0},"end":{"line":4,"column":45}},"3":{"start":{"line":5,"column":0},"end":{"line":5,"column":49}},"4":{"start":{"line":6,"column":0},"end":{"line":6,"column":39}},"5":{"start":{"line":8,"column":24},"end":{"line":19,"column":2}},"6":{"start":{"line":8,"column":82},"end":{"line":19,"column":2}},"7":{"start":{"line":9,"column":2},"end":{"line":18,"column":3}},"8":{"start":{"line":10,"column":21},"end":{"line":10,"column":29}},"9":{"start":{"line":11,"column":4},"end":{"line":11,"column":40}},"10":{"start":{"line":12,"column":20},"end":{"line":12,"column":56}},"11":{"start":{"line":13,"column":38},"end":{"line":13,"column":45}},"12":{"start":{"line":14,"column":4},"end":{"line":14,"column":39}},"13":{"start":{"line":15,"column":4},"end":{"line":15,"column":50}},"14":{"start":{"line":17,"column":4},"end":{"line":17,"column":16}},"15":{"start":{"line":8,"column":13},"end":{"line":8,"column":24}},"16":{"start":{"line":21,"column":21},"end":{"line":38,"column":2}},"17":{"start":{"line":21,"column":79},"end":{"line":38,"column":2}},"18":{"start":{"line":22,"column":2},"end":{"line":37,"column":3}},"19":{"start":{"line":23,"column":21},"end":{"line":23,"column":29}},"20":{"start":{"line":24,"column":4},"end":{"line":24,"column":65}},"21":{"start":{"line":25,"column":17},"end":{"line":25,"column":50}},"22":{"start":{"line":26,"column":18},"end":{"line":26,"column":51}},"23":{"start":{"line":27,"column":4},"end":{"line":32,"column":7}},"24":{"start":{"line":33,"column":4},"end":{"line":33,"column":60}},"25":{"start":{"line":34,"column":4},"end":{"line":34,"column":62}},"26":{"start":{"line":36,"column":4},"end":{"line":36,"column":16}},"27":{"start":{"line":21,"column":13},"end":{"line":21,"column":21}},"28":{"start":{"line":40,"column":30},"end":{"line":51,"column":2}},"29":{"start":{"line":40,"column":88},"end":{"line":51,"column":2}},"30":{"start":{"line":41,"column":2},"end":{"line":50,"column":3}},"31":{"start":{"line":42,"column":26},"end":{"line":42,"column":51}},"32":{"start":{"line":43,"column":30},"end":{"line":43,"column":48}},"33":{"start":{"line":44,"column":4},"end":{"line":44,"column":42}},"34":{"start":{"line":45,"column":17},"end":{"line":45,"column":57}},"35":{"start":{"line":46,"column":4},"end":{"line":46,"column":61}},"36":{"start":{"line":47,"column":4},"end":{"line":47,"column":74}},"37":{"start":{"line":49,"column":4},"end":{"line":49,"column":16}},"38":{"start":{"line":40,"column":13},"end":{"line":40,"column":30}},"39":{"start":{"line":53,"column":27},"end":{"line":62,"column":2}},"40":{"start":{"line":53,"column":85},"end":{"line":62,"column":2}},"41":{"start":{"line":54,"column":2},"end":{"line":61,"column":3}},"42":{"start":{"line":55,"column":27},"end":{"line":55,"column":40}},"43":{"start":{"line":56,"column":17},"end":{"line":56,"column":51}},"44":{"start":{"line":57,"column":4},"end":{"line":57,"column":58}},"45":{"start":{"line":58,"column":4},"end":{"line":58,"column":38}},"46":{"start":{"line":60,"column":4},"end":{"line":60,"column":16}},"47":{"start":{"line":53,"column":13},"end":{"line":53,"column":27}},"48":{"start":{"line":64,"column":22},"end":{"line":79,"column":2}},"49":{"start":{"line":64,"column":80},"end":{"line":79,"column":2}},"50":{"start":{"line":65,"column":2},"end":{"line":78,"column":3}},"51":{"start":{"line":66,"column":26},"end":{"line":66,"column":51}},"52":{"start":{"line":67,"column":30},"end":{"line":67,"column":48}},"53":{"start":{"line":68,"column":4},"end":{"line":71,"column":5}},"54":{"start":{"line":69,"column":6},"end":{"line":69,"column":38}},"55":{"start":{"line":70,"column":6},"end":{"line":70,"column":71}},"56":{"start":{"line":72,"column":4},"end":{"line":72,"column":57}},"57":{"start":{"line":73,"column":4},"end":{"line":75,"column":7}},"58":{"start":{"line":77,"column":4},"end":{"line":77,"column":16}},"59":{"start":{"line":64,"column":13},"end":{"line":64,"column":22}}},"fnMap":{"0":{"name":"(anonymous_8)","decl":{"start":{"line":8,"column":24},"end":{"line":8,"column":31}},"loc":{"start":{"line":8,"column":82},"end":{"line":19,"column":2}}},"1":{"name":"(anonymous_9)","decl":{"start":{"line":8,"column":82},"end":{"line":8,"column":null}},"loc":{"start":{"line":8,"column":82},"end":{"line":19,"column":1}}},"2":{"name":"(anonymous_10)","decl":{"start":{"line":21,"column":21},"end":{"line":21,"column":28}},"loc":{"start":{"line":21,"column":79},"end":{"line":38,"column":2}}},"3":{"name":"(anonymous_11)","decl":{"start":{"line":21,"column":79},"end":{"line":21,"column":null}},"loc":{"start":{"line":21,"column":79},"end":{"line":38,"column":1}}},"4":{"name":"(anonymous_12)","decl":{"start":{"line":40,"column":30},"end":{"line":40,"column":37}},"loc":{"start":{"line":40,"column":88},"end":{"line":51,"column":2}}},"5":{"name":"(anonymous_13)","decl":{"start":{"line":40,"column":88},"end":{"line":40,"column":null}},"loc":{"start":{"line":40,"column":88},"end":{"line":51,"column":1}}},"6":{"name":"(anonymous_14)","decl":{"start":{"line":53,"column":27},"end":{"line":53,"column":34}},"loc":{"start":{"line":53,"column":85},"end":{"line":62,"column":2}}},"7":{"name":"(anonymous_15)","decl":{"start":{"line":53,"column":85},"end":{"line":53,"column":null}},"loc":{"start":{"line":53,"column":85},"end":{"line":62,"column":1}}},"8":{"name":"(anonymous_16)","decl":{"start":{"line":64,"column":22},"end":{"line":64,"column":29}},"loc":{"start":{"line":64,"column":80},"end":{"line":79,"column":2}}},"9":{"name":"(anonymous_17)","decl":{"start":{"line":64,"column":80},"end":{"line":64,"column":null}},"loc":{"start":{"line":64,"column":80},"end":{"line":79,"column":1}}}},"branchMap":{"0":{"loc":{"start":{"line":68,"column":4},"end":{"line":71,"column":5}},"type":"if","locations":[{"start":{"line":68,"column":4},"end":{"line":71,"column":5}}]}},"s":{"0":3,"1":3,"2":3,"3":3,"4":3,"5":3,"6":2,"7":2,"8":2,"9":2,"10":2,"11":1,"12":1,"13":1,"14":1,"15":3,"16":3,"17":2,"18":2,"19":2,"20":2,"21":2,"22":1,"23":1,"24":1,"25":1,"26":1,"27":3,"28":3,"29":2,"30":2,"31":2,"32":2,"33":2,"34":2,"35":1,"36":1,"37":1,"38":3,"39":3,"40":2,"41":2,"42":2,"43":2,"44":1,"45":1,"46":1,"47":3,"48":3,"49":2,"50":2,"51":2,"52":2,"53":2,"54":1,"55":1,"56":1,"57":1,"58":1,"59":3},"f":{"0":2,"1":2,"2":2,"3":2,"4":2,"5":2,"6":2,"7":2,"8":2,"9":2},"b":{"0":[1]}}
,"C:\\Users\\ryupo\\Documents\\Projects\\Blogna\\server\\src\\api\\routes\\blogs.routes.ts": {"path":"C:\\Users\\ryupo\\Documents\\Projects\\Blogna\\server\\src\\api\\routes\\blogs.routes.ts","statementMap":{"0":{"start":{"line":1,"column":0},"end":{"line":1,"column":30}},"1":{"start":{"line":2,"column":0},"end":{"line":2,"column":42}},"2":{"start":{"line":3,"column":0},"end":{"line":3,"column":null}},"3":{"start":{"line":11,"column":15},"end":{"line":11,"column":31}},"4":{"start":{"line":13,"column":0},"end":{"line":13,"column":29}},"5":{"start":{"line":14,"column":0},"end":{"line":14,"column":59}},"6":{"start":{"line":15,"column":0},"end":{"line":15,"column":63}},"7":{"start":{"line":16,"column":0},"end":{"line":16,"column":39}},"8":{"start":{"line":17,"column":0},"end":{"line":17,"column":32}},"9":{"start":{"line":19,"column":0},"end":{"line":19,"column":22}}},"fnMap":{},"branchMap":{},"s":{"0":3,"1":3,"2":3,"3":3,"4":3,"5":3,"6":3,"7":3,"8":3,"9":3},"f":{},"b":{}}
,"C:\\Users\\ryupo\\Documents\\Projects\\Blogna\\server\\src\\api\\routes\\users.routes.ts": {"path":"C:\\Users\\ryupo\\Documents\\Projects\\Blogna\\server\\src\\api\\routes\\users.routes.ts","statementMap":{"0":{"start":{"line":1,"column":0},"end":{"line":1,"column":30}},"1":{"start":{"line":2,"column":0},"end":{"line":2,"column":null}},"2":{"start":{"line":10,"column":15},"end":{"line":10,"column":31}},"3":{"start":{"line":13,"column":0},"end":{"line":13,"column":35}},"4":{"start":{"line":14,"column":0},"end":{"line":14,"column":29}},"5":{"start":{"line":15,"column":0},"end":{"line":15,"column":34}},"6":{"start":{"line":16,"column":0},"end":{"line":16,"column":32}},"7":{"start":{"line":17,"column":0},"end":{"line":17,"column":31}},"8":{"start":{"line":19,"column":0},"end":{"line":19,"column":22}}},"fnMap":{},"branchMap":{},"s":{"0":3,"1":3,"2":3,"3":3,"4":3,"5":3,"6":3,"7":3,"8":3},"f":{},"b":{}}
,"C:\\Users\\ryupo\\Documents\\Projects\\Blogna\\server\\src\\api\\services\\blogs.service.ts": {"path":"C:\\Users\\ryupo\\Documents\\Projects\\Blogna\\server\\src\\api\\services\\blogs.service.ts","statementMap":{"0":{"start":{"line":1,"column":0},"end":{"line":1,"column":50}},"1":{"start":{"line":2,"column":0},"end":{"line":2,"column":42}},"2":{"start":{"line":4,"column":0},"end":{"line":4,"column":45}},"3":{"start":{"line":5,"column":0},"end":{"line":5,"column":49}},"4":{"start":{"line":10,"column":19},"end":{"line":10,"column":58}},"5":{"start":{"line":11,"column":18},"end":{"line":11,"column":29}},"6":{"start":{"line":12,"column":4},"end":{"line":12,"column":17}},"7":{"start":{"line":16,"column":18},"end":{"line":20,"column":6}},"8":{"start":{"line":21,"column":25},"end":{"line":21,"column":77}},"9":{"start":{"line":22,"column":21},"end":{"line":22,"column":44}},"10":{"start":{"line":23,"column":4},"end":{"line":23,"column":37}},"11":{"start":{"line":24,"column":19},"end":{"line":24,"column":42}},"12":{"start":{"line":25,"column":19},"end":{"line":25,"column":50}},"13":{"start":{"line":26,"column":20},"end":{"line":26,"column":34}},"14":{"start":{"line":27,"column":4},"end":{"line":27,"column":19}},"15":{"start":{"line":31,"column":20},"end":{"line":31,"column":46}},"16":{"start":{"line":32,"column":4},"end":{"line":34,"column":5}},"17":{"start":{"line":33,"column":6},"end":{"line":33,"column":88}},"18":{"start":{"line":35,"column":24},"end":{"line":35,"column":72}},"19":{"start":{"line":36,"column":42},"end":{"line":39,"column":6}},"20":{"start":{"line":40,"column":21},"end":{"line":40,"column":44}},"21":{"start":{"line":41,"column":4},"end":{"line":41,"column":33}},"22":{"start":{"line":43,"column":25},"end":{"line":43,"column":42}},"23":{"start":{"line":44,"column":22},"end":{"line":44,"column":91}},"24":{"start":{"line":44,"column":55},"end":{"line":44,"column":79}},"25":{"start":{"line":45,"column":18},"end":{"line":50,"column":6}},"26":{"start":{"line":51,"column":4},"end":{"line":51,"column":30}},"27":{"start":{"line":52,"column":19},"end":{"line":52,"column":38}},"28":{"start":{"line":53,"column":4},"end":{"line":53,"column":24}},"29":{"start":{"line":54,"column":19},"end":{"line":54,"column":50}},"30":{"start":{"line":55,"column":24},"end":{"line":55,"column":38}},"31":{"start":{"line":56,"column":4},"end":{"line":58,"column":5}},"32":{"start":{"line":57,"column":6},"end":{"line":57,"column":89}},"33":{"start":{"line":59,"column":4},"end":{"line":59,"column":23}},"34":{"start":{"line":63,"column":20},"end":{"line":63,"column":46}},"35":{"start":{"line":64,"column":4},"end":{"line":66,"column":5}},"36":{"start":{"line":65,"column":6},"end":{"line":65,"column":88}},"37":{"start":{"line":67,"column":24},"end":{"line":67,"column":72}},"38":{"start":{"line":68,"column":4},"end":{"line":68,"column":51}},"39":{"start":{"line":69,"column":18},"end":{"line":73,"column":6}},"40":{"start":{"line":74,"column":19},"end":{"line":74,"column":52}},"41":{"start":{"line":75,"column":24},"end":{"line":75,"column":38}},"42":{"start":{"line":76,"column":4},"end":{"line":78,"column":5}},"43":{"start":{"line":77,"column":6},"end":{"line":77,"column":89}},"44":{"start":{"line":79,"column":4},"end":{"line":79,"column":23}},"45":{"start":{"line":83,"column":19},"end":{"line":83,"column":87}},"46":{"start":{"line":84,"column":17},"end":{"line":84,"column":31}},"47":{"start":{"line":85,"column":4},"end":{"line":87,"column":5}},"48":{"start":{"line":86,"column":6},"end":{"line":86,"column":75}},"49":{"start":{"line":88,"column":4},"end":{"line":88,"column":16}},"50":{"start":{"line":92,"column":0},"end":{"line":92,"column":33}}},"fnMap":{"0":{"name":"(anonymous_8)","decl":{"start":{"line":9,"column":8},"end":{"line":9,"column":14}},"loc":{"start":{"line":9,"column":14},"end":{"line":13,"column":null}}},"1":{"name":"(anonymous_10)","decl":{"start":{"line":15,"column":8},"end":{"line":15,"column":14}},"loc":{"start":{"line":15,"column":36},"end":{"line":28,"column":null}}},"2":{"name":"(anonymous_12)","decl":{"start":{"line":30,"column":8},"end":{"line":30,"column":14}},"loc":{"start":{"line":30,"column":48},"end":{"line":60,"column":null}}},"3":{"name":"(anonymous_14)","decl":{"start":{"line":44,"column":39},"end":{"line":44,"column":40}},"loc":{"start":{"line":44,"column":55},"end":{"line":44,"column":79}}},"4":{"name":"(anonymous_15)","decl":{"start":{"line":62,"column":8},"end":{"line":62,"column":14}},"loc":{"start":{"line":62,"column":45},"end":{"line":80,"column":null}}},"5":{"name":"(anonymous_17)","decl":{"start":{"line":82,"column":8},"end":{"line":82,"column":15}},"loc":{"start":{"line":82,"column":30},"end":{"line":89,"column":null}}}},"branchMap":{"0":{"loc":{"start":{"line":32,"column":4},"end":{"line":34,"column":5}},"type":"if","locations":[{"start":{"line":32,"column":4},"end":{"line":34,"column":5}}]},"1":{"loc":{"start":{"line":56,"column":4},"end":{"line":58,"column":5}},"type":"if","locations":[{"start":{"line":56,"column":4},"end":{"line":58,"column":5}}]},"2":{"loc":{"start":{"line":64,"column":4},"end":{"line":66,"column":5}},"type":"if","locations":[{"start":{"line":64,"column":4},"end":{"line":66,"column":5}}]},"3":{"loc":{"start":{"line":76,"column":4},"end":{"line":78,"column":5}},"type":"if","locations":[{"start":{"line":76,"column":4},"end":{"line":78,"column":5}}]},"4":{"loc":{"start":{"line":85,"column":4},"end":{"line":87,"column":5}},"type":"if","locations":[{"start":{"line":85,"column":4},"end":{"line":87,"column":5}}]}},"s":{"0":4,"1":4,"2":4,"3":4,"4":1,"5":1,"6":1,"7":1,"8":1,"9":1,"10":0,"11":0,"12":0,"13":0,"14":0,"15":3,"16":3,"17":1,"18":2,"19":2,"20":2,"21":0,"22":0,"23":0,"24":0,"25":0,"26":0,"27":0,"28":0,"29":0,"30":0,"31":0,"32":0,"33":0,"34":3,"35":2,"36":1,"37":1,"38":1,"39":1,"40":1,"41":1,"42":1,"43":0,"44":1,"45":8,"46":8,"47":8,"48":3,"49":5,"50":4},"f":{"0":1,"1":1,"2":3,"3":0,"4":3,"5":8},"b":{"0":[1],"1":[0],"2":[1],"3":[0],"4":[3]}}
,"C:\\Users\\ryupo\\Documents\\Projects\\Blogna\\server\\src\\api\\services\\users.service.ts": {"path":"C:\\Users\\ryupo\\Documents\\Projects\\Blogna\\server\\src\\api\\services\\users.service.ts","statementMap":{"0":{"start":{"line":1,"column":0},"end":{"line":1,"column":28}},"1":{"start":{"line":2,"column":0},"end":{"line":2,"column":31}},"2":{"start":{"line":3,"column":0},"end":{"line":3,"column":45}},"3":{"start":{"line":4,"column":0},"end":{"line":4,"column":49}},"4":{"start":{"line":5,"column":0},"end":{"line":5,"column":42}},"5":{"start":{"line":7,"column":0},"end":{"line":7,"column":83}},"6":{"start":{"line":8,"column":0},"end":{"line":8,"column":39}},"7":{"start":{"line":13,"column":55},"end":{"line":13,"column":63}},"8":{"start":{"line":14,"column":4},"end":{"line":16,"column":5}},"9":{"start":{"line":15,"column":6},"end":{"line":15,"column":80}},"10":{"start":{"line":17,"column":4},"end":{"line":17,"column":48}},"11":{"start":{"line":19,"column":4},"end":{"line":25,"column":5}},"12":{"start":{"line":20,"column":6},"end":{"line":24,"column":8}},"13":{"start":{"line":27,"column":19},"end":{"line":27,"column":50}},"14":{"start":{"line":29,"column":19},"end":{"line":35,"column":null}},"15":{"start":{"line":37,"column":20},"end":{"line":37,"column":34}},"16":{"start":{"line":38,"column":4},"end":{"line":38,"column":66}},"17":{"start":{"line":39,"column":4},"end":{"line":39,"column":19}},"18":{"start":{"line":45,"column":35},"end":{"line":45,"column":39}},"19":{"start":{"line":46,"column":34},"end":{"line":46,"column":45}},"20":{"start":{"line":47,"column":18},"end":{"line":51,"column":25}},"21":{"start":{"line":52,"column":4},"end":{"line":52,"column":73}},"22":{"start":{"line":53,"column":4},"end":{"line":53,"column":17}},"23":{"start":{"line":57,"column":14},"end":{"line":68,"column":null}},"24":{"start":{"line":58,"column":19},"end":{"line":58,"column":84}},"25":{"start":{"line":59,"column":17},"end":{"line":59,"column":31}},"26":{"start":{"line":60,"column":4},"end":{"line":62,"column":5}},"27":{"start":{"line":61,"column":6},"end":{"line":61,"column":91}},"28":{"start":{"line":63,"column":27},"end":{"line":63,"column":72}},"29":{"start":{"line":64,"column":4},"end":{"line":66,"column":5}},"30":{"start":{"line":65,"column":6},"end":{"line":65,"column":92}},"31":{"start":{"line":67,"column":4},"end":{"line":67,"column":16}},"32":{"start":{"line":71,"column":4},"end":{"line":73,"column":5}},"33":{"start":{"line":72,"column":6},"end":{"line":72,"column":81}},"34":{"start":{"line":74,"column":17},"end":{"line":74,"column":57}},"35":{"start":{"line":75,"column":4},"end":{"line":77,"column":5}},"36":{"start":{"line":76,"column":6},"end":{"line":76,"column":78}},"37":{"start":{"line":78,"column":4},"end":{"line":78,"column":16}},"38":{"start":{"line":82,"column":19},"end":{"line":82,"column":87}},"39":{"start":{"line":83,"column":17},"end":{"line":83,"column":31}},"40":{"start":{"line":84,"column":4},"end":{"line":86,"column":5}},"41":{"start":{"line":85,"column":6},"end":{"line":85,"column":75}},"42":{"start":{"line":87,"column":4},"end":{"line":87,"column":16}},"43":{"start":{"line":91,"column":0},"end":{"line":91,"column":33}}},"fnMap":{"0":{"name":"(anonymous_8)","decl":{"start":{"line":12,"column":8},"end":{"line":12,"column":16}},"loc":{"start":{"line":12,"column":43},"end":{"line":40,"column":null}}},"1":{"name":"(anonymous_10)","decl":{"start":{"line":44,"column":8},"end":{"line":44,"column":17}},"loc":{"start":{"line":44,"column":33},"end":{"line":54,"column":null}}},"2":{"name":"(anonymous_12)","decl":{"start":{"line":57,"column":8},"end":{"line":57,"column":13}},"loc":{"start":{"line":57,"column":13},"end":{"line":68,"column":null}}},"3":{"name":"(anonymous_13)","decl":{"start":{"line":57,"column":14},"end":{"line":57,"column":16}},"loc":{"start":{"line":57,"column":44},"end":{"line":68,"column":3}}},"4":{"name":"(anonymous_14)","decl":{"start":{"line":70,"column":8},"end":{"line":70,"column":19}},"loc":{"start":{"line":70,"column":37},"end":{"line":79,"column":null}}},"5":{"name":"(anonymous_16)","decl":{"start":{"line":81,"column":8},"end":{"line":81,"column":16}},"loc":{"start":{"line":81,"column":31},"end":{"line":88,"column":null}}}},"branchMap":{"0":{"loc":{"start":{"line":14,"column":4},"end":{"line":16,"column":5}},"type":"if","locations":[{"start":{"line":14,"column":4},"end":{"line":16,"column":5}}]},"1":{"loc":{"start":{"line":14,"column":8},"end":{"line":14,"column":56}},"type":"binary-expr","locations":[{"start":{"line":14,"column":8},"end":{"line":14,"column":13}},{"start":{"line":14,"column":17},"end":{"line":14,"column":23}},{"start":{"line":14,"column":27},"end":{"line":14,"column":36}},{"start":{"line":14,"column":40},"end":{"line":14,"column":56}}]},"2":{"loc":{"start":{"line":19,"column":4},"end":{"line":25,"column":5}},"type":"if","locations":[{"start":{"line":19,"column":4},"end":{"line":25,"column":5}}]},"3":{"loc":{"start":{"line":60,"column":4},"end":{"line":62,"column":5}},"type":"if","locations":[{"start":{"line":60,"column":4},"end":{"line":62,"column":5}}]},"4":{"loc":{"start":{"line":64,"column":4},"end":{"line":66,"column":5}},"type":"if","locations":[{"start":{"line":64,"column":4},"end":{"line":66,"column":5}}]},"5":{"loc":{"start":{"line":71,"column":4},"end":{"line":73,"column":5}},"type":"if","locations":[{"start":{"line":71,"column":4},"end":{"line":73,"column":5}}]},"6":{"loc":{"start":{"line":75,"column":4},"end":{"line":77,"column":5}},"type":"if","locations":[{"start":{"line":75,"column":4},"end":{"line":77,"column":5}}]},"7":{"loc":{"start":{"line":75,"column":8},"end":{"line":75,"column":41}},"type":"binary-expr","locations":[{"start":{"line":75,"column":8},"end":{"line":75,"column":13}},{"start":{"line":75,"column":17},"end":{"line":75,"column":41}}]},"8":{"loc":{"start":{"line":84,"column":4},"end":{"line":86,"column":5}},"type":"if","locations":[{"start":{"line":84,"column":4},"end":{"line":86,"column":5}}]}},"s":{"0":4,"1":4,"2":4,"3":4,"4":4,"5":4,"6":4,"7":5,"8":5,"9":2,"10":3,"11":3,"12":2,"13":1,"14":1,"15":1,"16":1,"17":1,"18":1,"19":1,"20":1,"21":1,"22":1,"23":5,"24":5,"25":5,"26":5,"27":2,"28":3,"29":3,"30":2,"31":1,"32":5,"33":2,"34":3,"35":3,"36":2,"37":1,"38":2,"39":2,"40":2,"41":1,"42":1,"43":4},"f":{"0":5,"1":1,"2":5,"3":5,"4":5,"5":2},"b":{"0":[2],"1":[5,5,5,3],"2":[2],"3":[2],"4":[2],"5":[2],"6":[2],"7":[3,1],"8":[1]}}
,"C:\\Users\\ryupo\\Documents\\Projects\\Blogna\\server\\src\\configs\\cloudinary.ts": {"path":"C:\\Users\\ryupo\\Documents\\Projects\\Blogna\\server\\src\\configs\\cloudinary.ts","statementMap":{"0":{"start":{"line":1,"column":0},"end":{"line":1,"column":46}},"1":{"start":{"line":2,"column":0},"end":{"line":2,"column":85}},"2":{"start":{"line":4,"column":0},"end":{"line":8,"column":3}},"3":{"start":{"line":10,"column":0},"end":{"line":10,"column":26}}},"fnMap":{},"branchMap":{},"s":{"0":4,"1":4,"2":4,"3":4},"f":{},"b":{}}
,"C:\\Users\\ryupo\\Documents\\Projects\\Blogna\\server\\src\\configs\\database.ts": {"path":"C:\\Users\\ryupo\\Documents\\Projects\\Blogna\\server\\src\\configs\\database.ts","statementMap":{"0":{"start":{"line":1,"column":0},"end":{"line":1,"column":20}},"1":{"start":{"line":2,"column":0},"end":{"line":2,"column":77}},"2":{"start":{"line":3,"column":0},"end":{"line":3,"column":27}},"3":{"start":{"line":5,"column":13},"end":{"line":11,"column":2}},"4":{"start":{"line":14,"column":20},"end":{"line":21,"column":2}},"5":{"start":{"line":14,"column":31},"end":{"line":21,"column":2}},"6":{"start":{"line":15,"column":2},"end":{"line":20,"column":3}},"7":{"start":{"line":16,"column":4},"end":{"line":16,"column":37}},"8":{"start":{"line":17,"column":4},"end":{"line":17,"column":56}},"9":{"start":{"line":19,"column":4},"end":{"line":19,"column":60}},"10":{"start":{"line":23,"column":0},"end":{"line":23,"column":14}},"11":{"start":{"line":25,"column":0},"end":{"line":25,"column":20}}},"fnMap":{"0":{"name":"(anonymous_8)","decl":{"start":{"line":14,"column":20},"end":{"line":14,"column":29}},"loc":{"start":{"line":14,"column":31},"end":{"line":21,"column":2}}},"1":{"name":"(anonymous_9)","decl":{"start":{"line":14,"column":31},"end":{"line":14,"column":null}},"loc":{"start":{"line":14,"column":31},"end":{"line":21,"column":1}}}},"branchMap":{},"s":{"0":7,"1":7,"2":7,"3":7,"4":7,"5":7,"6":7,"7":7,"8":5,"9":0,"10":7,"11":7},"f":{"0":7,"1":7},"b":{}}
,"C:\\Users\\ryupo\\Documents\\Projects\\Blogna\\server\\src\\configs\\index.ts": {"path":"C:\\Users\\ryupo\\Documents\\Projects\\Blogna\\server\\src\\configs\\index.ts","statementMap":{"0":{"start":{"line":1,"column":0},"end":{"line":1,"column":28}},"1":{"start":{"line":2,"column":0},"end":{"line":2,"column":16}},"2":{"start":{"line":4,"column":17},"end":{"line":4,"column":25}},"3":{"start":{"line":34,"column":2},"end":{"line":34,"column":10}},"4":{"start":{"line":5,"column":18},"end":{"line":5,"column":31}},"5":{"start":{"line":35,"column":2},"end":{"line":35,"column":11}},"6":{"start":{"line":6,"column":23},"end":{"line":6,"column":60}},"7":{"start":{"line":36,"column":2},"end":{"line":36,"column":16}},"8":{"start":{"line":8,"column":19},"end":{"line":8,"column":68}},"9":{"start":{"line":37,"column":2},"end":{"line":37,"column":12}},"10":{"start":{"line":10,"column":22},"end":{"line":10,"column":62}},"11":{"start":{"line":38,"column":2},"end":{"line":38,"column":15}},"12":{"start":{"line":11,"column":22},"end":{"line":11,"column":57}},"13":{"start":{"line":39,"column":2},"end":{"line":39,"column":15}},"14":{"start":{"line":12,"column":26},"end":{"line":12,"column":64}},"15":{"start":{"line":40,"column":2},"end":{"line":40,"column":19}},"16":{"start":{"line":13,"column":16},"end":{"line":13,"column":47}},"17":{"start":{"line":41,"column":2},"end":{"line":41,"column":9}},"18":{"start":{"line":15,"column":27},"end":{"line":15,"column":71}},"19":{"start":{"line":42,"column":2},"end":{"line":42,"column":20}},"20":{"start":{"line":16,"column":26},"end":{"line":16,"column":70}},"21":{"start":{"line":43,"column":2},"end":{"line":43,"column":19}},"22":{"start":{"line":18,"column":18},"end":{"line":18,"column":68}},"23":{"start":{"line":20,"column":20},"end":{"line":24,"column":2}},"24":{"start":{"line":44,"column":2},"end":{"line":44,"column":13}},"25":{"start":{"line":26,"column":17},"end":{"line":26,"column":46}},"26":{"start":{"line":45,"column":2},"end":{"line":45,"column":10}},"27":{"start":{"line":28,"column":30},"end":{"line":28,"column":63}},"28":{"start":{"line":46,"column":2},"end":{"line":46,"column":23}},"29":{"start":{"line":29,"column":27},"end":{"line":29,"column":57}},"30":{"start":{"line":47,"column":2},"end":{"line":47,"column":20}},"31":{"start":{"line":30,"column":30},"end":{"line":30,"column":63}},"32":{"start":{"line":48,"column":2},"end":{"line":48,"column":23}},"33":{"start":{"line":31,"column":23},"end":{"line":31,"column":49}},"34":{"start":{"line":49,"column":2},"end":{"line":49,"column":16}}},"fnMap":{},"branchMap":{"0":{"loc":{"start":{"line":6,"column":23},"end":{"line":6,"column":60}},"type":"binary-expr","locations":[{"start":{"line":6,"column":23},"end":{"line":6,"column":49}},{"start":{"line":6,"column":53},"end":{"line":6,"column":60}}]},"1":{"loc":{"start":{"line":8,"column":19},"end":{"line":8,"column":68}},"type":"binary-expr","locations":[{"start":{"line":8,"column":19},"end":{"line":8,"column":41}},{"start":{"line":8,"column":45},"end":{"line":8,"column":68}}]},"2":{"loc":{"start":{"line":10,"column":22},"end":{"line":10,"column":62}},"type":"binary-expr","locations":[{"start":{"line":10,"column":22},"end":{"line":10,"column":47}},{"start":{"line":10,"column":51},"end":{"line":10,"column":62}}]},"3":{"loc":{"start":{"line":11,"column":22},"end":{"line":11,"column":57}},"type":"binary-expr","locations":[{"start":{"line":11,"column":22},"end":{"line":11,"column":47}},{"start":{"line":11,"column":51},"end":{"line":11,"column":57}}]},"4":{"loc":{"start":{"line":12,"column":26},"end":{"line":12,"column":64}},"type":"binary-expr","locations":[{"start":{"line":12,"column":26},"end":{"line":12,"column":55}},{"start":{"line":12,"column":59},"end":{"line":12,"column":64}}]},"5":{"loc":{"start":{"line":13,"column":16},"end":{"line":13,"column":47}},"type":"binary-expr","locations":[{"start":{"line":13,"column":16},"end":{"line":13,"column":35}},{"start":{"line":13,"column":39},"end":{"line":13,"column":47}}]},"6":{"loc":{"start":{"line":15,"column":27},"end":{"line":15,"column":71}},"type":"binary-expr","locations":[{"start":{"line":15,"column":27},"end":{"line":15,"column":57}},{"start":{"line":15,"column":61},"end":{"line":15,"column":71}}]},"7":{"loc":{"start":{"line":16,"column":26},"end":{"line":16,"column":70}},"type":"binary-expr","locations":[{"start":{"line":16,"column":26},"end":{"line":16,"column":56}},{"start":{"line":16,"column":60},"end":{"line":16,"column":70}}]},"8":{"loc":{"start":{"line":18,"column":18},"end":{"line":18,"column":68}},"type":"cond-expr","locations":[{"start":{"line":18,"column":51},"end":{"line":18,"column":58}},{"start":{"line":18,"column":61},"end":{"line":18,"column":68}}]},"9":{"loc":{"start":{"line":26,"column":17},"end":{"line":26,"column":46}},"type":"binary-expr","locations":[{"start":{"line":26,"column":17},"end":{"line":26,"column":37}},{"start":{"line":26,"column":41},"end":{"line":26,"column":46}}]}},"s":{"0":10,"1":10,"2":10,"3":10,"4":10,"5":10,"6":10,"7":10,"8":10,"9":10,"10":10,"11":10,"12":10,"13":10,"14":10,"15":10,"16":10,"17":10,"18":10,"19":10,"20":10,"21":10,"22":10,"23":10,"24":10,"25":10,"26":10,"27":10,"28":10,"29":10,"30":10,"31":10,"32":10,"33":10,"34":10},"f":{},"b":{"0":[10,10],"1":[10,10],"2":[10,10],"3":[10,10],"4":[10,10],"5":[10,10],"6":[10,10],"7":[10,10],"8":[0,10],"9":[10,0]}}
,"C:\\Users\\ryupo\\Documents\\Projects\\Blogna\\server\\src\\configs\\log.ts": {"path":"C:\\Users\\ryupo\\Documents\\Projects\\Blogna\\server\\src\\configs\\log.ts","statementMap":{"0":{"start":{"line":1,"column":0},"end":{"line":1,"column":42}},"1":{"start":{"line":2,"column":0},"end":{"line":2,"column":56}},"2":{"start":{"line":3,"column":0},"end":{"line":3,"column":56}},"3":{"start":{"line":5,"column":37},"end":{"line":5,"column":51}},"4":{"start":{"line":6,"column":22},"end":{"line":6,"column":41}},"5":{"start":{"line":8,"column":22},"end":{"line":12,"column":null}},"6":{"start":{"line":16,"column":17},"end":{"line":20,"column":null}},"7":{"start":{"line":19,"column":4},"end":{"line":19,"column":61}},"8":{"start":{"line":24,"column":17},"end":{"line":24,"column":58}},"9":{"start":{"line":25,"column":2},"end":{"line":27,"column":3}},"10":{"start":{"line":26,"column":4},"end":{"line":26,"column":63}},"11":{"start":{"line":29,"column":2},"end":{"line":35,"column":5}},"12":{"start":{"line":38,"column":15},"end":{"line":43,"column":2}},"13":{"start":{"line":45,"column":0},"end":{"line":51,"column":1}},"14":{"start":{"line":46,"column":2},"end":{"line":50,"column":4}},"15":{"start":{"line":53,"column":0},"end":{"line":53,"column":22}}},"fnMap":{"0":{"name":"(anonymous_7)","decl":{"start":{"line":18,"column":16},"end":{"line":18,"column":17}},"loc":{"start":{"line":18,"column":50},"end":{"line":20,"column":3}}},"1":{"name":"generateRotateConfig","decl":{"start":{"line":23,"column":9},"end":{"line":23,"column":29}},"loc":{"start":{"line":23,"column":43},"end":{"line":36,"column":1}}}},"branchMap":{"0":{"loc":{"start":{"line":25,"column":2},"end":{"line":27,"column":3}},"type":"if","locations":[{"start":{"line":25,"column":2},"end":{"line":27,"column":3}}]},"1":{"loc":{"start":{"line":45,"column":0},"end":{"line":51,"column":1}},"type":"if","locations":[{"start":{"line":45,"column":0},"end":{"line":51,"column":1}}]}},"s":{"0":9,"1":9,"2":9,"3":9,"4":9,"5":9,"6":9,"7":90,"8":18,"9":18,"10":9,"11":18,"12":9,"13":9,"14":9,"15":9},"f":{"0":90,"1":18},"b":{"0":[9],"1":[9]}}
,"C:\\Users\\ryupo\\Documents\\Projects\\Blogna\\server\\src\\configs\\multer.ts": {"path":"C:\\Users\\ryupo\\Documents\\Projects\\Blogna\\server\\src\\configs\\multer.ts","statementMap":{"0":{"start":{"line":1,"column":0},"end":{"line":1,"column":52}},"1":{"start":{"line":2,"column":0},"end":{"line":2,"column":24}},"2":{"start":{"line":5,"column":16},"end":{"line":5,"column":38}},"3":{"start":{"line":7,"column":19},"end":{"line":15,"column":1}},"4":{"start":{"line":8,"column":14},"end":{"line":8,"column":59}},"5":{"start":{"line":10,"column":2},"end":{"line":13,"column":3}},"6":{"start":{"line":11,"column":4},"end":{"line":11,"column":20}},"7":{"start":{"line":12,"column":4},"end":{"line":12,"column":11}},"8":{"start":{"line":14,"column":2},"end":{"line":14,"column":17}},"9":{"start":{"line":16,"column":15},"end":{"line":16,"column":67}},"10":{"start":{"line":18,"column":0},"end":{"line":18,"column":22}}},"fnMap":{"0":{"name":"(anonymous_1)","decl":{"start":{"line":7,"column":19},"end":{"line":7,"column":20}},"loc":{"start":{"line":7,"column":87},"end":{"line":15,"column":1}}}},"branchMap":{"0":{"loc":{"start":{"line":10,"column":2},"end":{"line":13,"column":3}},"type":"if","locations":[{"start":{"line":10,"column":2},"end":{"line":13,"column":3}}]}},"s":{"0":3,"1":3,"2":3,"3":3,"4":4,"5":4,"6":2,"7":2,"8":2,"9":3,"10":3},"f":{"0":4},"b":{"0":[2]}}
,"C:\\Users\\ryupo\\Documents\\Projects\\Blogna\\server\\src\\errors\\AppError.ts": {"path":"C:\\Users\\ryupo\\Documents\\Projects\\Blogna\\server\\src\\errors\\AppError.ts","statementMap":{"0":{"start":{"line":6,"column":4},"end":{"line":6,"column":19}},"1":{"start":{"line":7,"column":4},"end":{"line":7,"column":27}},"2":{"start":{"line":8,"column":4},"end":{"line":8,"column":25}},"3":{"start":{"line":9,"column":4},"end":{"line":9,"column":21}},"4":{"start":{"line":13,"column":0},"end":{"line":13,"column":24}}},"fnMap":{"0":{"name":"(anonymous_0)","decl":{"start":{"line":5,"column":2},"end":{"line":5,"column":14}},"loc":{"start":{"line":5,"column":59},"end":{"line":10,"column":3}}}},"branchMap":{},"s":{"0":27,"1":27,"2":27,"3":27,"4":8},"f":{"0":27},"b":{}}
,"C:\\Users\\ryupo\\Documents\\Projects\\Blogna\\server\\src\\errors\\errorCodes.ts": {"path":"C:\\Users\\ryupo\\Documents\\Projects\\Blogna\\server\\src\\errors\\errorCodes.ts","statementMap":{"0":{"start":{"line":1,"column":19},"end":{"line":14,"column":2}},"1":{"start":{"line":16,"column":0},"end":{"line":16,"column":26}}},"fnMap":{},"branchMap":{},"s":{"0":8,"1":8},"f":{},"b":{}}
,"C:\\Users\\ryupo\\Documents\\Projects\\Blogna\\server\\src\\errors\\errorHandler.ts": {"path":"C:\\Users\\ryupo\\Documents\\Projects\\Blogna\\server\\src\\errors\\errorHandler.ts","statementMap":{"0":{"start":{"line":3,"column":0},"end":{"line":3,"column":38}},"1":{"start":{"line":4,"column":0},"end":{"line":4,"column":36}},"2":{"start":{"line":6,"column":21},"end":{"line":18,"column":1}},"3":{"start":{"line":7,"column":17},"end":{"line":7,"column":36}},"4":{"start":{"line":8,"column":15},"end":{"line":8,"column":53}},"5":{"start":{"line":9,"column":18},"end":{"line":9,"column":57}},"6":{"start":{"line":11,"column":2},"end":{"line":11,"column":48}},"7":{"start":{"line":13,"column":2},"end":{"line":17,"column":5}},"8":{"start":{"line":20,"column":0},"end":{"line":20,"column":28}}},"fnMap":{"0":{"name":"(anonymous_1)","decl":{"start":{"line":6,"column":21},"end":{"line":6,"column":22}},"loc":{"start":{"line":6,"column":90},"end":{"line":18,"column":1}}}},"branchMap":{"0":{"loc":{"start":{"line":7,"column":17},"end":{"line":7,"column":36}},"type":"binary-expr","locations":[{"start":{"line":7,"column":17},"end":{"line":7,"column":29}},{"start":{"line":7,"column":33},"end":{"line":7,"column":36}}]},"1":{"loc":{"start":{"line":8,"column":15},"end":{"line":8,"column":53}},"type":"binary-expr","locations":[{"start":{"line":8,"column":15},"end":{"line":8,"column":25}},{"start":{"line":8,"column":29},"end":{"line":8,"column":53}}]},"2":{"loc":{"start":{"line":9,"column":18},"end":{"line":9,"column":57}},"type":"binary-expr","locations":[{"start":{"line":9,"column":18},"end":{"line":9,"column":31}},{"start":{"line":9,"column":35},"end":{"line":9,"column":57}}]}},"s":{"0":3,"1":3,"2":3,"3":9,"4":9,"5":9,"6":9,"7":9,"8":3},"f":{"0":9},"b":{"0":[9,0],"1":[9,0],"2":[9,0]}}
}
