TN:
SF:src\app.ts
FN:22,(anonymous_1)
FNF:1
FNH:1
FNDA:1,(anonymous_1)
DA:1,3
DA:2,3
DA:3,3
DA:4,3
DA:5,3
DA:6,3
DA:7,3
DA:8,3
DA:10,3
DA:12,3
DA:17,3
DA:18,3
DA:19,3
DA:20,3
DA:22,3
DA:23,1
DA:26,3
DA:27,3
DA:29,3
DA:31,3
LF:20
LH:20
BRF:0
BRH:0
end_of_record
TN:
SF:src\api\controllers\blogs.controller.ts
FN:9,(anonymous_8)
FN:9,(anonymous_9)
FN:16,(anonymous_10)
FN:16,(anonymous_11)
FN:39,(anonymous_12)
FN:39,(anonymous_13)
FN:63,(anonymous_14)
FN:63,(anonymous_15)
FN:79,(anonymous_16)
FN:79,(anonymous_17)
FNF:10
FNH:10
FNDA:1,(anonymous_8)
FNDA:1,(anonymous_9)
FNDA:2,(anonymous_10)
FNDA:2,(anonymous_11)
FNDA:2,(anonymous_12)
FNDA:2,(anonymous_13)
FNDA:2,(anonymous_14)
FNDA:2,(anonymous_15)
FNDA:2,(anonymous_16)
FNDA:2,(anonymous_17)
DA:2,3
DA:3,3
DA:4,3
DA:5,3
DA:6,3
DA:7,3
DA:9,3
DA:10,1
DA:11,1
DA:12,1
DA:13,1
DA:16,3
DA:17,2
DA:18,2
DA:19,2
DA:20,2
DA:21,1
DA:23,1
DA:24,1
DA:25,1
DA:26,1
DA:28,1
DA:29,1
DA:30,1
DA:31,1
DA:32,1
DA:33,1
DA:35,1
DA:39,3
DA:40,2
DA:41,2
DA:42,2
DA:43,2
DA:44,2
DA:45,1
DA:47,1
DA:48,1
DA:49,1
DA:50,1
DA:52,1
DA:53,1
DA:54,1
DA:55,1
DA:56,1
DA:57,1
DA:59,1
DA:63,3
DA:64,2
DA:65,2
DA:66,2
DA:67,2
DA:68,2
DA:69,2
DA:70,2
DA:71,2
DA:72,1
DA:73,1
DA:75,1
DA:79,3
DA:81,2
DA:82,2
DA:83,2
DA:84,1
DA:85,1
DA:87,1
LF:65
LH:65
BRDA:20,0,0,1
BRDA:44,1,0,1
BRF:2
BRH:2
end_of_record
TN:
SF:src\api\controllers\users.controller.ts
FN:8,(anonymous_8)
FN:8,(anonymous_9)
FN:21,(anonymous_10)
FN:21,(anonymous_11)
FN:40,(anonymous_12)
FN:40,(anonymous_13)
FN:53,(anonymous_14)
FN:53,(anonymous_15)
FN:64,(anonymous_16)
FN:64,(anonymous_17)
FNF:10
FNH:10
FNDA:2,(anonymous_8)
FNDA:2,(anonymous_9)
FNDA:2,(anonymous_10)
FNDA:2,(anonymous_11)
FNDA:2,(anonymous_12)
FNDA:2,(anonymous_13)
FNDA:2,(anonymous_14)
FNDA:2,(anonymous_15)
FNDA:2,(anonymous_16)
FNDA:2,(anonymous_17)
DA:2,3
DA:3,3
DA:4,3
DA:5,3
DA:6,3
DA:8,3
DA:9,2
DA:10,2
DA:11,2
DA:12,2
DA:13,1
DA:14,1
DA:15,1
DA:17,1
DA:21,3
DA:22,2
DA:23,2
DA:24,2
DA:25,2
DA:26,1
DA:27,1
DA:33,1
DA:34,1
DA:36,1
DA:40,3
DA:41,2
DA:42,2
DA:43,2
DA:44,2
DA:45,2
DA:46,1
DA:47,1
DA:49,1
DA:53,3
DA:54,2
DA:55,2
DA:56,2
DA:57,1
DA:58,1
DA:60,1
DA:64,3
DA:65,2
DA:66,2
DA:67,2
DA:68,2
DA:69,1
DA:70,1
DA:72,1
DA:73,1
DA:77,1
LF:50
LH:50
BRDA:68,0,0,1
BRF:1
BRH:1
end_of_record
TN:
SF:src\api\routes\blogs.routes.ts
FNF:0
FNH:0
DA:1,3
DA:2,3
DA:3,3
DA:11,3
DA:13,3
DA:14,3
DA:15,3
DA:16,3
DA:17,3
DA:19,3
LF:10
LH:10
BRF:0
BRH:0
end_of_record
TN:
SF:src\api\routes\users.routes.ts
FNF:0
FNH:0
DA:1,3
DA:2,3
DA:10,3
DA:13,3
DA:14,3
DA:15,3
DA:16,3
DA:17,3
DA:19,3
LF:9
LH:9
BRF:0
BRH:0
end_of_record
TN:
SF:src\api\services\blogs.service.ts
FN:8,(anonymous_8)
FN:14,(anonymous_10)
FN:30,(anonymous_12)
FN:44,(anonymous_14)
FN:62,(anonymous_15)
FN:82,(anonymous_17)
FNF:6
FNH:6
FNDA:1,(anonymous_8)
FNDA:1,(anonymous_10)
FNDA:3,(anonymous_12)
FNDA:10,(anonymous_14)
FNDA:3,(anonymous_15)
FNDA:8,(anonymous_17)
DA:1,4
DA:2,4
DA:3,4
DA:4,4
DA:9,1
DA:10,1
DA:11,1
DA:15,1
DA:20,1
DA:21,1
DA:22,1
DA:23,1
DA:24,1
DA:25,1
DA:26,1
DA:27,1
DA:31,3
DA:32,3
DA:33,1
DA:35,2
DA:36,2
DA:40,2
DA:41,2
DA:43,2
DA:44,10
DA:45,2
DA:51,2
DA:52,2
DA:53,2
DA:54,2
DA:55,2
DA:56,2
DA:57,1
DA:59,1
DA:63,3
DA:64,3
DA:65,1
DA:67,2
DA:68,2
DA:69,2
DA:74,2
DA:75,2
DA:76,2
DA:77,1
DA:79,1
DA:83,8
DA:84,8
DA:85,8
DA:86,1
DA:88,7
DA:92,4
LF:51
LH:51
BRDA:32,0,0,1
BRDA:56,1,0,1
BRDA:64,2,0,1
BRDA:76,3,0,1
BRDA:85,4,0,1
BRF:5
BRH:5
end_of_record
TN:
SF:src\api\services\users.service.ts
FN:12,(anonymous_8)
FN:44,(anonymous_10)
FN:57,(anonymous_12)
FN:57,(anonymous_13)
FN:70,(anonymous_14)
FN:81,(anonymous_16)
FNF:6
FNH:6
FNDA:5,(anonymous_8)
FNDA:1,(anonymous_10)
FNDA:5,(anonymous_12)
FNDA:5,(anonymous_13)
FNDA:5,(anonymous_14)
FNDA:2,(anonymous_16)
DA:1,4
DA:2,4
DA:3,4
DA:4,4
DA:5,4
DA:7,4
DA:8,4
DA:13,5
DA:14,5
DA:15,2
DA:17,3
DA:19,3
DA:20,2
DA:27,1
DA:29,1
DA:37,1
DA:38,1
DA:39,1
DA:45,1
DA:46,1
DA:47,1
DA:52,1
DA:53,1
DA:57,5
DA:58,5
DA:59,5
DA:60,5
DA:61,2
DA:63,3
DA:64,3
DA:65,2
DA:67,1
DA:71,5
DA:72,2
DA:74,3
DA:75,3
DA:76,2
DA:78,1
DA:82,2
DA:83,2
DA:84,2
DA:85,1
DA:87,1
DA:91,4
LF:44
LH:44
BRDA:14,0,0,2
BRDA:14,1,0,5
BRDA:14,1,1,5
BRDA:14,1,2,5
BRDA:14,1,3,3
BRDA:19,2,0,2
BRDA:60,3,0,2
BRDA:64,4,0,2
BRDA:71,5,0,2
BRDA:75,6,0,2
BRDA:75,7,0,3
BRDA:75,7,1,1
BRDA:84,8,0,1
BRF:13
BRH:13
end_of_record
TN:
SF:src\configs\cloudinary.ts
FNF:0
FNH:0
DA:1,4
DA:2,4
DA:4,4
DA:10,4
LF:4
LH:4
BRF:0
BRH:0
end_of_record
TN:
SF:src\configs\database.ts
FN:14,(anonymous_8)
FN:14,(anonymous_9)
FNF:2
FNH:2
FNDA:7,(anonymous_8)
FNDA:7,(anonymous_9)
DA:1,7
DA:2,7
DA:3,7
DA:5,7
DA:14,7
DA:15,7
DA:16,7
DA:17,0
DA:19,5
DA:23,7
DA:25,7
LF:11
LH:10
BRF:0
BRH:0
end_of_record
TN:
SF:src\configs\index.ts
FNF:0
FNH:0
DA:1,10
DA:2,10
DA:4,10
DA:5,10
DA:6,10
DA:8,10
DA:10,10
DA:11,10
DA:12,10
DA:13,10
DA:15,10
DA:16,10
DA:18,10
DA:20,10
DA:26,10
DA:28,10
DA:29,10
DA:30,10
DA:31,10
DA:34,10
DA:35,10
DA:36,10
DA:37,10
DA:38,10
DA:39,10
DA:40,10
DA:41,10
DA:42,10
DA:43,10
DA:44,10
DA:45,10
DA:46,10
DA:47,10
DA:48,10
DA:49,10
LF:35
LH:35
BRDA:6,0,0,10
BRDA:6,0,1,10
BRDA:8,1,0,10
BRDA:8,1,1,10
BRDA:10,2,0,10
BRDA:10,2,1,10
BRDA:11,3,0,10
BRDA:11,3,1,10
BRDA:12,4,0,10
BRDA:12,4,1,10
BRDA:13,5,0,10
BRDA:13,5,1,10
BRDA:15,6,0,10
BRDA:15,6,1,10
BRDA:16,7,0,10
BRDA:16,7,1,10
BRDA:18,8,0,0
BRDA:18,8,1,10
BRDA:26,9,0,10
BRDA:26,9,1,0
BRF:20
BRH:18
end_of_record
TN:
SF:src\configs\log.ts
FN:18,(anonymous_7)
FN:23,generateRotateConfig
FNF:2
FNH:2
FNDA:90,(anonymous_7)
FNDA:18,generateRotateConfig
DA:1,9
DA:2,9
DA:3,9
DA:5,9
DA:6,9
DA:8,9
DA:16,9
DA:19,90
DA:24,18
DA:25,18
DA:26,9
DA:29,18
DA:38,9
DA:45,9
DA:46,9
DA:53,9
LF:16
LH:16
BRDA:25,0,0,9
BRDA:45,1,0,9
BRF:2
BRH:2
end_of_record
TN:
SF:src\configs\multer.ts
FN:7,(anonymous_1)
FNF:1
FNH:1
FNDA:4,(anonymous_1)
DA:1,3
DA:2,3
DA:5,3
DA:7,3
DA:8,4
DA:10,4
DA:11,2
DA:12,2
DA:14,2
DA:16,3
DA:18,3
LF:11
LH:11
BRDA:10,0,0,2
BRF:1
BRH:1
end_of_record
TN:
SF:src\errors\AppError.ts
FN:5,(anonymous_0)
FNF:1
FNH:1
FNDA:27,(anonymous_0)
DA:6,27
DA:7,27
DA:8,27
DA:9,27
DA:13,8
LF:5
LH:5
BRF:0
BRH:0
end_of_record
TN:
SF:src\errors\errorCodes.ts
FNF:0
FNH:0
DA:1,8
DA:16,8
LF:2
LH:2
BRF:0
BRH:0
end_of_record
TN:
SF:src\errors\errorHandler.ts
FN:6,(anonymous_1)
FNF:1
FNH:1
FNDA:9,(anonymous_1)
DA:3,3
DA:4,3
DA:6,3
DA:7,9
DA:8,9
DA:9,9
DA:11,9
DA:13,9
DA:20,3
LF:9
LH:9
BRDA:7,0,0,9
BRDA:7,0,1,0
BRDA:8,1,0,9
BRDA:8,1,1,0
BRDA:9,2,0,9
BRDA:9,2,1,0
BRF:6
BRH:3
end_of_record
